<?xml version="1.0" encoding="UTF-8"?>
<!-- Generated by org.testng.reporters.JUnitXMLReporter -->
<testsuite hostname="DESKTOP-36HRAIA" ignored="0" name="Test" tests="2" failures="1" timestamp="2021-03-08T12:21:05 IST" time="37.546" errors="0">
  <testcase name="CreateNewTopic" time="13.695" classname="tests.ForumTest"/>
  <testcase name="checkTopicIsOnTheList" time="4.639" classname="tests.ForumTest">
    <failure type="java.lang.AssertionError" message="The searched topic has not been found on the list expected [true] but found [false]">
      <![CDATA[java.lang.AssertionError: The searched topic has not been found on the list expected [true] but found [false]
at tests.ForumTest.checkTopicIsOnTheList(ForumTest.java:37)
at java.util.ArrayList.forEach(ArrayList.java:1259)
... Removed 34 stack frames]]>
    </failure>
  </testcase> <!-- checkTopicIsOnTheList -->
</testsuite> <!-- Test -->
