<?xml version="1.0" encoding="UTF-8"?>
<testng-results skipped="0" failed="0" ignored="0" total="2" passed="2">
  <reporter-output>
  </reporter-output>
  <suite name="Suite" duration-ms="30661" started-at="2021-03-24T17:50:10 IST" finished-at="2021-03-24T17:50:40 IST">
    <groups>
    </groups>
    <test name="Test" duration-ms="30661" started-at="2021-03-24T17:50:10 IST" finished-at="2021-03-24T17:50:40 IST">
      <class name="tests.ForumTest">
        <test-method status="PASS" signature="setup(org.testng.ITestContext)[pri:0, instance:tests.ForumTest@4b85880b]" name="setup" is-config="true" duration-ms="11178" started-at="2021-03-24T17:50:10 IST" finished-at="2021-03-24T17:50:21 IST">
          <params>
            <param index="0">
              <value>
                <![CDATA[org.testng.TestRunner@7b5021d1]]>
              </value>
            </param>
          </params>
          <reporter-output>
          </reporter-output>
        </test-method> <!-- setup -->
        <test-method status="PASS" signature="CreateNewTopic()[pri:0, instance:tests.ForumTest@4b85880b]" name="CreateNewTopic" duration-ms="12590" started-at="2021-03-24T17:50:21 IST" description="create new topic in forum" finished-at="2021-03-24T17:50:34 IST">
          <reporter-output>
          </reporter-output>
        </test-method> <!-- CreateNewTopic -->
        <test-method status="PASS" signature="checkTopicIsOnTheList()[pri:0, instance:tests.ForumTest@4b85880b]" name="checkTopicIsOnTheList" duration-ms="5992" started-at="2021-03-24T17:50:34 IST" description="search my topic appear on the topics list" finished-at="2021-03-24T17:50:40 IST">
          <reporter-output>
          </reporter-output>
        </test-method> <!-- checkTopicIsOnTheList -->
      </class> <!-- tests.ForumTest -->
    </test> <!-- Test -->
  </suite> <!-- Suite -->
</testng-results>
