<?xml version="1.0" encoding="UTF-8"?>
<testsuite xmlns:xsi="http://www.w3.org/2001/XMLSchema-instance" xsi:noNamespaceSchemaLocation="https://maven.apache.org/surefire/maven-surefire-plugin/xsd/surefire-test-report-3.0.xsd" version="3.0" name="TestSuite" time="39.862" tests="2" errors="0" skipped="0" failures="1">
  <properties>
[...]
</properties>
  <testcase name="CreateNewTopic" classname="tests.ForumTest" time="13.619">
    <system-err><![CDATA[SLF4J: Failed to load class "org.slf4j.impl.StaticLoggerBinder".
SLF4J: Defaulting to no-operation (NOP) logger implementation
SLF4J: See http://www.slf4j.org/codes.html#StaticLoggerBinder for further details.
Starting ChromeDriver 87.0.4280.88 (89e2380a3e36c3464b5dd1302349b1382549290d-refs/branch-heads/4280@{#1761}) on port 10976
Only local connections are allowed.
Please see https://chromedriver.chromium.org/security-considerations for suggestions on keeping ChromeDriver safe.
ChromeDriver was started successfully.
[1615198830.919][WARNING]: This version of ChromeDriver has not been tested with Chrome version 88.
Mar 08, 2021 12:20:33 PM org.openqa.selenium.remote.ProtocolHandshake createSession
INFO: Detected dialect: W3C
]]></system-err>
  </testcase>
  <testcase name="checkTopicIsOnTheList" classname="tests.ForumTest" time="4.653">
    <failure message="The searched topic has not been found on the list expected [true] but found [false]" type="java.lang.AssertionError"><![CDATA[java.lang.AssertionError: The searched topic has not been found on the list expected [true] but found [false]
	at tests.ForumTest.checkTopicIsOnTheList(ForumTest.java:37)
]]></failure>
  </testcase>
</testsuite>