<?xml version="1.0" encoding="UTF-8"?>
<testng-results skipped="0" failed="1" ignored="0" total="2" passed="1">
  <reporter-output>
  </reporter-output>
  <suite name="Suite" duration-ms="37546" started-at="2021-03-08T12:20:28 IST" finished-at="2021-03-08T12:21:05 IST">
    <groups>
    </groups>
    <test name="Test" duration-ms="37546" started-at="2021-03-08T12:20:28 IST" finished-at="2021-03-08T12:21:05 IST">
      <class name="tests.ForumTest">
        <test-method status="PASS" signature="setup()[pri:0, instance:tests.ForumTest@6a988392]" name="setup" is-config="true" duration-ms="18206" started-at="2021-03-08T12:20:28 IST" finished-at="2021-03-08T12:20:46 IST">
          <reporter-output>
          </reporter-output>
        </test-method> <!-- setup -->
        <test-method status="PASS" signature="CreateNewTopic()[pri:0, instance:tests.ForumTest@6a988392]" name="CreateNewTopic" duration-ms="13695" started-at="2021-03-08T12:20:46 IST" description="create new topic in forum" finished-at="2021-03-08T12:21:00 IST">
          <reporter-output>
          </reporter-output>
        </test-method> <!-- CreateNewTopic -->
        <test-method status="PASS" signature="failedTest(org.testng.ITestResult)[pri:0, instance:tests.ForumTest@6a988392]" name="failedTest" is-config="true" duration-ms="5" started-at="2021-03-08T12:21:00 IST" finished-at="2021-03-08T12:21:00 IST">
          <params>
            <param index="0">
              <value>
                <![CDATA[[TestResult name=CreateNewTopic status=SUCCESS method=ForumTest.CreateNewTopic()[pri:0, instance:tests.ForumTest@6a988392] output={null}]]]>
              </value>
            </param>
          </params>
          <reporter-output>
          </reporter-output>
        </test-method> <!-- failedTest -->
        <test-method status="FAIL" signature="checkTopicIsOnTheList()[pri:0, instance:tests.ForumTest@6a988392]" name="checkTopicIsOnTheList" duration-ms="4639" started-at="2021-03-08T12:21:00 IST" description="search my topic appear on the topics list" finished-at="2021-03-08T12:21:04 IST">
          <exception class="java.lang.AssertionError">
            <message>
              <![CDATA[The searched topic has not been found on the list expected [true] but found [false]]]>
            </message>
            <full-stacktrace>
              <![CDATA[java.lang.AssertionError: The searched topic has not been found on the list expected [true] but found [false]
at org.testng.Assert.fail(Assert.java:99)
at org.testng.Assert.failNotEquals(Assert.java:1037)
at org.testng.Assert.assertTrue(Assert.java:45)
at tests.ForumTest.checkTopicIsOnTheList(ForumTest.java:37)
at sun.reflect.NativeMethodAccessorImpl.invoke0(Native Method)
at sun.reflect.NativeMethodAccessorImpl.invoke(NativeMethodAccessorImpl.java:62)
at sun.reflect.DelegatingMethodAccessorImpl.invoke(DelegatingMethodAccessorImpl.java:43)
at java.lang.reflect.Method.invoke(Method.java:498)
at org.testng.internal.MethodInvocationHelper.invokeMethod(MethodInvocationHelper.java:132)
at org.testng.internal.TestInvoker.invokeMethod(TestInvoker.java:599)
at org.testng.internal.TestInvoker.invokeTestMethod(TestInvoker.java:174)
at org.testng.internal.MethodRunner.runInSequence(MethodRunner.java:46)
at org.testng.internal.TestInvoker$MethodInvocationAgent.invoke(TestInvoker.java:822)
at org.testng.internal.TestInvoker.invokeTestMethods(TestInvoker.java:147)
at org.testng.internal.TestMethodWorker.invokeTestMethods(TestMethodWorker.java:146)
at org.testng.internal.TestMethodWorker.run(TestMethodWorker.java:128)
at java.util.ArrayList.forEach(ArrayList.java:1259)
at org.testng.TestRunner.privateRun(TestRunner.java:764)
at org.testng.TestRunner.run(TestRunner.java:585)
at org.testng.SuiteRunner.runTest(SuiteRunner.java:384)
at org.testng.SuiteRunner.runSequentially(SuiteRunner.java:378)
at org.testng.SuiteRunner.privateRun(SuiteRunner.java:337)
at org.testng.SuiteRunner.run(SuiteRunner.java:286)
at org.testng.SuiteRunnerWorker.runSuite(SuiteRunnerWorker.java:53)
at org.testng.SuiteRunnerWorker.run(SuiteRunnerWorker.java:96)
at org.testng.TestNG.runSuitesSequentially(TestNG.java:1218)
at org.testng.TestNG.runSuitesLocally(TestNG.java:1140)
at org.testng.TestNG.runSuites(TestNG.java:1069)
at org.testng.TestNG.run(TestNG.java:1037)
at org.apache.maven.surefire.testng.TestNGExecutor.run(TestNGExecutor.java:284)
at org.apache.maven.surefire.testng.TestNGXmlTestSuite.execute(TestNGXmlTestSuite.java:75)
at org.apache.maven.surefire.testng.TestNGProvider.invoke(TestNGProvider.java:119)
at org.apache.maven.surefire.booter.ForkedBooter.runSuitesInProcess(ForkedBooter.java:428)
at org.apache.maven.surefire.booter.ForkedBooter.execute(ForkedBooter.java:162)
at org.apache.maven.surefire.booter.ForkedBooter.run(ForkedBooter.java:562)
at org.apache.maven.surefire.booter.ForkedBooter.main(ForkedBooter.java:548)
]]>
            </full-stacktrace>
          </exception> <!-- java.lang.AssertionError -->
          <reporter-output>
          </reporter-output>
        </test-method> <!-- checkTopicIsOnTheList -->
        <test-method status="PASS" signature="failedTest(org.testng.ITestResult)[pri:0, instance:tests.ForumTest@6a988392]" name="failedTest" is-config="true" duration-ms="672" started-at="2021-03-08T12:21:05 IST" finished-at="2021-03-08T12:21:05 IST">
          <params>
            <param index="0">
              <value>
                <![CDATA[[TestResult name=checkTopicIsOnTheList status=FAILURE method=ForumTest.checkTopicIsOnTheList()[pri:0, instance:tests.ForumTest@6a988392] output={null}]]]>
              </value>
            </param>
          </params>
          <reporter-output>
          </reporter-output>
        </test-method> <!-- failedTest -->
      </class> <!-- tests.ForumTest -->
    </test> <!-- Test -->
  </suite> <!-- Suite -->
</testng-results>
